[debug] [2023-07-17T22:13:42.198Z] ----------------------------------------------------------------------
[debug] [2023-07-17T22:13:42.202Z] Command:       /usr/bin/node /usr/bin/firebase init
[debug] [2023-07-17T22:13:42.203Z] CLI Version:   12.4.4
[debug] [2023-07-17T22:13:42.204Z] Platform:      linux
[debug] [2023-07-17T22:13:42.205Z] Node Version:  v18.16.1
[debug] [2023-07-17T22:13:42.205Z] Time:          Tue Jul 18 2023 03:43:42 GMT+0530 (India Standard Time)
[debug] [2023-07-17T22:13:42.206Z] ----------------------------------------------------------------------
[debug] 
[debug] [2023-07-17T22:13:42.221Z] > command requires scopes: ["email","openid","https://www.googleapis.com/auth/cloudplatformprojects.readonly","https://www.googleapis.com/auth/firebase","https://www.googleapis.com/auth/cloud-platform"]
[debug] [2023-07-17T22:13:42.222Z] > authorizing via signed-in user (ay079396@gmail.com)
[info] 
     ######## #### ########  ######## ########     ###     ######  ########
     ##        ##  ##     ## ##       ##     ##  ##   ##  ##       ##
     ######    ##  ########  ######   ########  #########  ######  ######
     ##        ##  ##    ##  ##       ##     ## ##     ##       ## ##
     ##       #### ##     ## ######## ########  ##     ##  ######  ########

You're about to initialize a Firebase project in this directory:

  /home/bittu/ashish/ReactJS Projs/social-media-app

[info] 
=== Project Setup
[info] 
[info] First, let's associate this project directory with a Firebase project.
[info] You can create multiple project aliases by running firebase use --add, 
[info] but for now we'll just set up a default project.
[info] 
[debug] [2023-07-17T22:16:11.286Z] >>> [apiv2][query] GET https://firebase.googleapis.com/v1beta1/projects pageSize=100
[debug] [2023-07-17T22:16:12.773Z] <<< [apiv2][status] GET https://firebase.googleapis.com/v1beta1/projects 200
[debug] [2023-07-17T22:16:12.773Z] <<< [apiv2][body] GET https://firebase.googleapis.com/v1beta1/projects [omitted]
[info] i  Using project socio-thesocialmedia (Socio-TheSocialMedia) 
[info] 
=== Hosting Setup
[info] 
[info] Your public directory is the folder (relative to your project directory) that
[info] will contain Hosting assets to be uploaded with firebase deploy. If you
[info] have a build process for your assets, use your build's output directory.
[info] 
[info] ✔  Wrote public/404.html 
[debug] [2023-07-17T22:18:22.194Z] >>> [apiv2][query] GET https://www.gstatic.com/firebasejs/releases.json [none]
[debug] [2023-07-17T22:18:22.634Z] <<< [apiv2][status] GET https://www.gstatic.com/firebasejs/releases.json 200
[debug] [2023-07-17T22:18:22.635Z] <<< [apiv2][body] GET https://www.gstatic.com/firebasejs/releases.json {"current":{"version":"10.0.0","browserURL":"https://www.gstatic.com/firebasejs/10.0.0/firebase.js","packageURL":"https://www.gstatic.com/firebasejs/10.0.0/firebase.tgz"},"live":{"version":"10.0","browserURL":"https://www.gstatic.com/firebasejs/live/10.0/firebase.js","packageURL":"https://www.gstatic.com/firebasejs/live/10.0/firebase.tgz"},"components":{"analytics":"https://www.gstatic.com/firebasejs/10.0.0/firebase-analytics.js","app":"https://www.gstatic.com/firebasejs/10.0.0/firebase-app.js","app-check":"https://www.gstatic.com/firebasejs/10.0.0/firebase-app-check.js","auth":"https://www.gstatic.com/firebasejs/10.0.0/firebase-auth.js","auth/cordova":"https://www.gstatic.com/firebasejs/10.0.0/firebase-auth/cordova.js","functions":"https://www.gstatic.com/firebasejs/10.0.0/firebase-functions.js","firestore":"https://www.gstatic.com/firebasejs/10.0.0/firebase-firestore.js","firestore/lite":"https://www.gstatic.com/firebasejs/10.0.0/firebase-firestore/lite.js","installations":"https://www.gstatic.com/firebasejs/10.0.0/firebase-installations.js","storage":"https://www.gstatic.com/firebasejs/10.0.0/firebase-storage.js","performance":"https://www.gstatic.com/firebasejs/10.0.0/firebase-performance.js","remote-config":"https://www.gstatic.com/firebasejs/10.0.0/firebase-remote-config.js","messaging":"https://www.gstatic.com/firebasejs/10.0.0/firebase-messaging.js","messaging/sw":"https://www.gstatic.com/firebasejs/10.0.0/firebase-messaging/sw.js","database":"https://www.gstatic.com/firebasejs/10.0.0/firebase-database.js","firestore.memory":"https://www.gstatic.com/firebasejs/10.0.0/firebase-firestore.memory.js"}}
[info] i  Skipping write of public/index.html 
[info] 
[info] i  Detected a .git folder at /home/bittu/ashish/ReactJS Projs/social-media-app 
[info] i  Authorizing with GitHub to upload your service account to a GitHub repository's secrets store. 
[info] 
[info] Visit this URL on this device to log in:
[info] https://github.com/login/oauth/authorize?client_id=89cf50f02ac6aaed3484&state=1022206779&redirect_uri=http%3A%2F%2Flocalhost%3A9005&scope=read%3Auser%20repo%20public_repo
[info] 
[info] Waiting for authentication...
[debug] [2023-07-17T22:19:03.365Z] >>> [apiv2][query] POST https://github.com/login/oauth/access_token [none]
[debug] [2023-07-17T22:19:03.366Z] >>> [apiv2][body] POST https://github.com/login/oauth/access_token [stream]
[debug] [2023-07-17T22:19:06.439Z] <<< [apiv2][status] POST https://github.com/login/oauth/access_token 200
[debug] [2023-07-17T22:19:06.439Z] <<< [apiv2][body] POST https://github.com/login/oauth/access_token {"access_token":"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","token_type":"bearer","scope":"read:user,repo"}
[debug] [2023-07-17T22:19:06.479Z] >>> [apiv2][query] GET https://api.github.com/user [none]
[debug] [2023-07-17T22:19:07.220Z] <<< [apiv2][status] GET https://api.github.com/user 200
[debug] [2023-07-17T22:19:07.220Z] <<< [apiv2][body] GET https://api.github.com/user {"login":"ashish12501","id":86179978,"node_id":"MDQ6VXNlcjg2MTc5OTc4","avatar_url":"https://avatars.githubusercontent.com/u/86179978?v=4","gravatar_id":"","url":"https://api.github.com/users/ashish12501","html_url":"https://github.com/ashish12501","followers_url":"https://api.github.com/users/ashish12501/followers","following_url":"https://api.github.com/users/ashish12501/following{/other_user}","gists_url":"https://api.github.com/users/ashish12501/gists{/gist_id}","starred_url":"https://api.github.com/users/ashish12501/starred{/owner}{/repo}","subscriptions_url":"https://api.github.com/users/ashish12501/subscriptions","organizations_url":"https://api.github.com/users/ashish12501/orgs","repos_url":"https://api.github.com/users/ashish12501/repos","events_url":"https://api.github.com/users/ashish12501/events{/privacy}","received_events_url":"https://api.github.com/users/ashish12501/received_events","type":"User","site_admin":false,"name":"Ashish Yadav","company":null,"blog":"","location":null,"email":null,"hireable":null,"bio":null,"twitter_username":null,"public_repos":16,"public_gists":0,"followers":3,"following":5,"created_at":"2021-06-20T05:49:41Z","updated_at":"2023-07-17T06:50:45Z","private_gists":0,"total_private_repos":0,"owned_private_repos":0,"disk_usage":52127,"collaborators":0,"two_factor_authentication":false,"plan":{"name":"free","space":976562499,"collaborators":0,"private_repos":10000}}
[info] 
[info] ✔  Success! Logged into GitHub as ashish12501 
[info] 
